<?xml version="1.0" encoding="UTF-8"?>
<Site BuildName="(empty)"
	BuildStamp="20240814-2147-Experimental"
	Name="(empty)"
	Generator="ctest-3.22.1"
	CompilerName=""
	CompilerVersion=""
	OSName="Linux"
	Hostname="mginhsonpc"
	OSRelease="6.8.0-40-generic"
	OSVersion="#40~22.04.3-Ubuntu SMP PREEMPT_DYNAMIC Tue Jul 30 17:30:19 UTC 2"
	OSPlatform="x86_64"
	Is64Bits="1"
	VendorString="GenuineIntel"
	VendorID="Intel Corporation"
	FamilyID="6"
	ModelID="58"
	ProcessorCacheSize="3072"
	NumberOfLogicalCPU="4"
	NumberOfPhysicalCPU="2"
	TotalVirtualMemory="511"
	TotalPhysicalMemory="15774"
	LogicalProcessorsPerPhysical="2"
	ProcessorClockFrequency="2893.31"
	>
	<Testing>
		<StartDateTime>Aug 14 18:47 -03</StartDateTime>
		<StartTestTime>1723672068</StartTestTime>
		<TestList/>
		<EndDateTime>Aug 14 18:47 -03</EndDateTime>
		<EndTestTime>1723672068</EndTestTime>
		<ElapsedMinutes>0</ElapsedMinutes>
	</Testing>
</Site>
